0 info it worked if it ends with ok
1 verbose cli [ '/usr/local/Cellar/node/6.9.1/bin/node',
1 verbose cli   '/Users/andrewheekin/.npm-packages/bin/npm',
1 verbose cli   'run',
1 verbose cli   'dev' ]
2 info using npm@3.10.9
3 info using node@v6.9.1
4 verbose run-script [ 'predev', 'dev', 'postdev' ]
5 info lifecycle splash@1.0.0~predev: splash@1.0.0
6 silly lifecycle splash@1.0.0~predev: no script for predev, continuing
7 info lifecycle splash@1.0.0~dev: splash@1.0.0
8 verbose lifecycle splash@1.0.0~dev: unsafe-perm in lifecycle true
9 verbose lifecycle splash@1.0.0~dev: PATH: /Users/andrewheekin/.npm-packages/lib/node_modules/npm/bin/node-gyp-bin:/Users/andrewheekin/Development/splash/node_modules/.bin:/usr/local/Cellar/node/6.9.1/bin:/usr/local/sbin:/Users/andrewheekin/.rvm/gems/ruby-2.2.2/bin:/Users/andrewheekin/.rvm/gems/ruby-2.2.2@global/bin:/Users/andrewheekin/.rvm/rubies/ruby-2.2.2/bin:/Users/andrewheekin/.npm-packages/bin:/spark/spark-1.4.1-bin-hadoop2.6/bin:/Library/Java/JavaVirtualMachines/jdk1.8.0_121.jdk/Contents/Home/bin:/usr/local/bin:/usr/local/bin:/usr/bin:/bin:/usr/sbin:/sbin:/usr/local/git/bin:/Users/andrewheekin/.rvm/bin
10 verbose lifecycle splash@1.0.0~dev: CWD: /Users/andrewheekin/Development/splash
11 silly lifecycle splash@1.0.0~dev: Args: [ '-c', 'WEBPACK_ENV=dev webpack --progress --colors --watch' ]
12 silly lifecycle splash@1.0.0~dev: Returned: code: 1  signal: null
13 info lifecycle splash@1.0.0~dev: Failed to exec dev script
14 verbose stack Error: splash@1.0.0 dev: `WEBPACK_ENV=dev webpack --progress --colors --watch`
14 verbose stack Exit status 1
14 verbose stack     at EventEmitter.<anonymous> (/Users/andrewheekin/.npm-packages/lib/node_modules/npm/lib/utils/lifecycle.js:255:16)
14 verbose stack     at emitTwo (events.js:106:13)
14 verbose stack     at EventEmitter.emit (events.js:191:7)
14 verbose stack     at ChildProcess.<anonymous> (/Users/andrewheekin/.npm-packages/lib/node_modules/npm/lib/utils/spawn.js:40:14)
14 verbose stack     at emitTwo (events.js:106:13)
14 verbose stack     at ChildProcess.emit (events.js:191:7)
14 verbose stack     at maybeClose (internal/child_process.js:877:16)
14 verbose stack     at Process.ChildProcess._handle.onexit (internal/child_process.js:226:5)
15 verbose pkgid splash@1.0.0
16 verbose cwd /Users/andrewheekin/Development/splash
17 error Darwin 16.4.0
18 error argv "/usr/local/Cellar/node/6.9.1/bin/node" "/Users/andrewheekin/.npm-packages/bin/npm" "run" "dev"
19 error node v6.9.1
20 error npm  v3.10.9
21 error code ELIFECYCLE
22 error splash@1.0.0 dev: `WEBPACK_ENV=dev webpack --progress --colors --watch`
22 error Exit status 1
23 error Failed at the splash@1.0.0 dev script 'WEBPACK_ENV=dev webpack --progress --colors --watch'.
23 error Make sure you have the latest version of node.js and npm installed.
23 error If you do, this is most likely a problem with the splash package,
23 error not with npm itself.
23 error Tell the author that this fails on your system:
23 error     WEBPACK_ENV=dev webpack --progress --colors --watch
23 error You can get information on how to open an issue for this project with:
23 error     npm bugs splash
23 error Or if that isn't available, you can get their info via:
23 error     npm owner ls splash
23 error There is likely additional logging output above.
24 verbose exit [ 1, true ]
